#
# A fatal error has been detected by the Java Runtime Environment:
#
#  Internal Error (javaClasses.cpp:136), pid=4912, tid=6096
#  fatal error: Invalid layout of preloaded class
#
# JRE version:  (7.0_60-b19) (build )
# Java VM: Java HotSpot(TM) Client VM (24.60-b09 mixed mode windows-x86 )
# Failed to write core dump. Minidumps are not enabled by default on client versions of Windows
#
# If you would like to submit a bug report, please visit:
#   http://bugreport.sun.com/bugreport/crash.jsp
#

---------------  T H R E A D  ---------------

Current thread (0x0189c400):  JavaThread "Unknown thread" [_thread_in_vm, id=6096, stack(0x01750000,0x017a0000)]

Stack: [0x01750000,0x017a0000],  sp=0x0179f6c4,  free space=317k
Native frames: (J=compiled Java code, j=interpreted, Vv=VM code, C=native code)
V  [jvm.dll+0x190231]
V  [jvm.dll+0x189ec6]
V  [jvm.dll+0x35aba]
V  [jvm.dll+0x35b46]
V  [jvm.dll+0x4438d]
V  [jvm.dll+0x4463e]
V  [jvm.dll+0x92d3a]
V  [jvm.dll+0x930eb]
V  [jvm.dll+0x13f7c1]
V  [jvm.dll+0x1624ac]
V  [jvm.dll+0xc9b3f]
C  [javaw.exe+0x13ce]
C  [javaw.exe+0x1e40]
C  [javaw.exe+0xa5e1]
C  [javaw.exe+0xa66b]
C  [kernel32.dll+0x53c45]
C  [ntdll.dll+0x637f5]
C  [ntdll.dll+0x637c8]


---------------  P R O C E S S  ---------------

Java Threads: ( => current thread )

Other Threads:

=>0x0189c400 (exited) JavaThread "Unknown thread" [_thread_in_vm, id=6096, stack(0x01750000,0x017a0000)]

VM state:not at safepoint (not fully initialized)

VM Mutex/Monitor currently owned by a thread: None

GC Heap History (0 events):
No events

Deoptimization events (0 events):
No events

Internal exceptions (0 events):
No events

Events (10 events):
Event: 0.042 loading class 0x011ec760 done
Event: 0.042 loading class 0x011ec1f0 done
Event: 0.042 loading class 0x011ec1d0
Event: 0.043 loading class 0x011f3580
Event: 0.043 loading class 0x011f3580 done
Event: 0.043 loading class 0x011f35b0
Event: 0.043 loading class 0x011f35b0 done
Event: 0.043 loading class 0x011f35e0
Event: 0.043 loading class 0x011f35e0 done
Event: 0.043 loading class 0x011ec1d0 done


Dynamic libraries:
0x000d0000 - 0x000ff000 	C:\Program Files\Java\jdk1.7.0_60\bin\javaw.exe
0x77ba0000 - 0x77cdc000 	C:\Windows\SYSTEM32\ntdll.dll
0x77980000 - 0x77a54000 	C:\Windows\system32\kernel32.dll
0x75da0000 - 0x75dea000 	C:\Windows\system32\KERNELBASE.dll
0x76670000 - 0x76710000 	C:\Windows\system32\ADVAPI32.dll
0x76460000 - 0x7650c000 	C:\Windows\system32\msvcrt.dll
0x77d10000 - 0x77d29000 	C:\Windows\SYSTEM32\sechost.dll
0x76c80000 - 0x76d21000 	C:\Windows\system32\RPCRT4.dll
0x76710000 - 0x767d9000 	C:\Windows\system32\USER32.dll
0x76410000 - 0x7645e000 	C:\Windows\system32\GDI32.dll
0x761f0000 - 0x761fa000 	C:\Windows\system32\LPK.dll
0x77d30000 - 0x77dcd000 	C:\Windows\system32\USP10.dll
0x74d50000 - 0x74eee000 	C:\Windows\WinSxS\x86_microsoft.windows.common-controls_6595b64144ccf1df_6.0.7601.17514_none_41e6975e2bd6f2b2\COMCTL32.dll
0x76570000 - 0x765c7000 	C:\Windows\system32\SHLWAPI.dll
0x765d0000 - 0x765ef000 	C:\Windows\system32\IMM32.DLL
0x76340000 - 0x7640c000 	C:\Windows\system32\MSCTF.dll
0x5d5b0000 - 0x5d66f000 	C:\Program Files\Java\jdk1.7.0_60\jre\bin\msvcr100.dll
0x6d9e0000 - 0x6dd68000 	C:\Program Files\Java\jdk1.7.0_60\jre\bin\client\jvm.dll
0x70ad0000 - 0x70ad7000 	C:\Windows\system32\WSOCK32.dll
0x76300000 - 0x76335000 	C:\Windows\system32\WS2_32.dll
0x77cf0000 - 0x77cf6000 	C:\Windows\system32\NSI.dll
0x71b80000 - 0x71bb2000 	C:\Windows\system32\WINMM.dll
0x77d00000 - 0x77d05000 	C:\Windows\system32\PSAPI.DLL
0x6b2c0000 - 0x6b2cc000 	C:\Program Files\Java\jdk1.7.0_60\jre\bin\verify.dll
0x67700000 - 0x67720000 	C:\Program Files\Java\jdk1.7.0_60\jre\bin\java.dll
0x5f3c0000 - 0x5f3e0000 	C:\Program Files\Java\jdk1.7.0_60\jre\bin\instrument.dll
0x5e4a0000 - 0x5e4b3000 	C:\Program Files\Java\jdk1.7.0_60\jre\bin\zip.dll
0x6f1d0000 - 0x6f2bb000 	C:\Windows\system32\dbghelp.dll

VM Arguments:
jvm_args: -javaagent:D:\program\eclipse-jee-luna-SR1a-win32\eclipse\plugins\com.google.appengine.eclipse.sdkbundle_1.9.18\appengine-java-sdk-1.9.18\lib\agent\appengine-agent.jar -Xmx512m -Dfile.encoding=Cp1252 -Xbootclasspath:C:\Users\Ahmed\AppData\Local\Android\android-sdk\platforms\android-21\android.jar 
java_command: com.google.appengine.tools.development.DevAppServerMain C:\Users\Ahmed\Desktop\FCI-SWEII-SocialNetwork-master\war
Launcher Type: SUN_STANDARD

Environment Variables:
PATH=C:/Program Files/Java/jre7/bin/client;C:/Program Files/Java/jre7/bin;C:/Program Files/Java/jre7/lib/i386;C:\Program Files\AMD APP\bin\x86;C:\Windows\system32;C:\Windows;C:\Windows\System32\Wbem;C:\Windows\System32\WindowsPowerShell\v1.0\;C:\Program Files\ATI Technologies\ATI.ACE\Core-Static;D:\program\eclipse-jee-luna-SR1a-win32\eclipse;
USERNAME=Ahmed
OS=Windows_NT
PROCESSOR_IDENTIFIER=x86 Family 20 Model 1 Stepping 0, AuthenticAMD



---------------  S Y S T E M  ---------------

OS: Windows 7 Build 7601 Service Pack 1

CPU:total 2 (2 cores per cpu, 1 threads per core) family 20 model 1 stepping 0, cmov, cx8, fxsr, mmx, sse, sse2, sse3, ssse3, popcnt, mmxext, lzcnt, sse4a, tsc, tscinvbit, tscinv

Memory: 4k page, physical 2730912k(107164k free), swap 5460068k(2249824k free)

vm_info: Java HotSpot(TM) Client VM (24.60-b09) for windows-x86 JRE (1.7.0_60-b19), built on May  7 2014 13:09:52 by "java_re" with unknown MS VC++:1600

time: Fri Mar 13 15:00:11 2015
elapsed time: 0 seconds

